{
  "stats": {
    "suites": 1,
    "tests": 1,
    "passes": 1,
    "pending": 0,
    "failures": 0,
    "start": "2021-12-17T23:50:09.083Z",
    "end": "2021-12-17T23:50:19.546Z",
    "duration": 10463,
    "testsRegistered": 1,
    "passPercent": 100,
    "pendingPercent": 0,
    "other": 0,
    "hasOther": false,
    "skipped": 0,
    "hasSkipped": false
  },
  "results": [
    {
      "uuid": "e7f6df19-669c-4e58-8ab8-ec6419bd1076",
      "title": "",
      "fullFile": "cypress/integration/Alz.net/Specs/homeTest.spec.js",
      "file": "cypress/integration/Alz.net/Specs/homeTest.spec.js",
      "beforeHooks": [],
      "afterHooks": [],
      "tests": [],
      "suites": [
        {
          "uuid": "7bc8e1be-57cf-4e7d-9b0a-932d62bb7524",
          "title": "navigating to alz home",
          "fullFile": "",
          "file": "",
          "beforeHooks": [],
          "afterHooks": [],
          "tests": [
            {
              "title": "go to home page",
              "fullTitle": "navigating to alz home go to home page",
              "timedOut": null,
              "duration": 6739,
              "state": "passed",
              "speed": "medium",
              "pass": true,
              "fail": false,
              "pending": false,
              "context": null,
              "code": "//cy.visit('https://www.alzheimers.net/')\n//cy.visit('https://www.alzheimers.net/?optimizely_disable=true')\ncy.visit(Cypress.env('prod'));",
              "err": {},
              "uuid": "41c2cf19-0777-4ad0-8526-55b52d3f769d",
              "parentUUID": "7bc8e1be-57cf-4e7d-9b0a-932d62bb7524",
              "isHook": false,
              "skipped": false
            }
          ],
          "suites": [],
          "passes": [
            "41c2cf19-0777-4ad0-8526-55b52d3f769d"
          ],
          "failures": [],
          "pending": [],
          "skipped": [],
          "duration": 6739,
          "root": false,
          "rootEmpty": false,
          "_timeout": 2000
        }
      ],
      "passes": [],
      "failures": [],
      "pending": [],
      "skipped": [],
      "duration": 0,
      "root": true,
      "rootEmpty": true,
      "_timeout": 2000
    }
  ],
  "meta": {
    "mocha": {
      "version": "7.0.1"
    },
    "mochawesome": {
      "options": {
        "quiet": false,
        "reportFilename": "mochawesome",
        "saveHtml": false,
        "saveJson": true,
        "consoleReporter": "spec",
        "useInlineDiffs": false,
        "code": true
      },
      "version": "6.3.1"
    },
    "marge": {
      "options": {
        "overwrite": false,
        "html": false,
        "json": true,
        "reportDir": "cypress\\reports\\html\\.jsons"
      },
      "version": "5.2.0"
    }
  }
}