{
  "stats": {
    "suites": 1,
    "tests": 1,
    "passes": 1,
    "pending": 0,
    "failures": 0,
    "start": "2021-12-17T23:08:49.836Z",
    "end": "2021-12-17T23:08:57.172Z",
    "duration": 7336,
    "testsRegistered": 1,
    "passPercent": 100,
    "pendingPercent": 0,
    "other": 0,
    "hasOther": false,
    "skipped": 0,
    "hasSkipped": false
  },
  "results": [
    {
      "uuid": "abd43088-6a3e-4273-8e86-0ffb4970e158",
      "title": "",
      "fullFile": "cypress/integration/Alz.net/Specs/homeTest.Spec.js",
      "file": "cypress/integration/Alz.net/Specs/homeTest.Spec.js",
      "beforeHooks": [],
      "afterHooks": [],
      "tests": [],
      "suites": [
        {
          "uuid": "a6df1148-0ab6-4331-bf84-30ec3b3c99b2",
          "title": "navigating to alz home",
          "fullFile": "",
          "file": "",
          "beforeHooks": [],
          "afterHooks": [],
          "tests": [
            {
              "title": "go to home page",
              "fullTitle": "navigating to alz home go to home page",
              "timedOut": null,
              "duration": 4848,
              "state": "passed",
              "speed": "fast",
              "pass": true,
              "fail": false,
              "pending": false,
              "context": null,
              "code": "//cy.visit('https://www.alzheimers.net/')\n//cy.visit('https://www.alzheimers.net/?optimizely_disable=true')\ncy.visit(Cypress.env('prod'));",
              "err": {},
              "uuid": "1dd65b03-aa9d-4ada-9402-db1e58978164",
              "parentUUID": "a6df1148-0ab6-4331-bf84-30ec3b3c99b2",
              "isHook": false,
              "skipped": false
            }
          ],
          "suites": [],
          "passes": [
            "1dd65b03-aa9d-4ada-9402-db1e58978164"
          ],
          "failures": [],
          "pending": [],
          "skipped": [],
          "duration": 4848,
          "root": false,
          "rootEmpty": false,
          "_timeout": 2000
        }
      ],
      "passes": [],
      "failures": [],
      "pending": [],
      "skipped": [],
      "duration": 0,
      "root": true,
      "rootEmpty": true,
      "_timeout": 2000
    }
  ],
  "meta": {
    "mocha": {
      "version": "7.0.1"
    },
    "mochawesome": {
      "options": {
        "quiet": false,
        "reportFilename": "mochawesome",
        "saveHtml": false,
        "saveJson": true,
        "consoleReporter": "spec",
        "useInlineDiffs": false,
        "code": true
      },
      "version": "6.3.1"
    },
    "marge": {
      "options": {
        "overwrite": false,
        "html": false,
        "json": true,
        "reportDir": "cypress\\reports\\html\\.jsons"
      },
      "version": "5.2.0"
    }
  }
}