{
  "stats": {
    "suites": 1,
    "tests": 1,
    "passes": 1,
    "pending": 0,
    "failures": 0,
    "start": "2021-12-17T23:45:21.889Z",
    "end": "2021-12-17T23:45:50.224Z",
    "duration": 28335,
    "testsRegistered": 1,
    "passPercent": 100,
    "pendingPercent": 0,
    "other": 0,
    "hasOther": false,
    "skipped": 0,
    "hasSkipped": false
  },
  "results": [
    {
      "uuid": "f13c07d9-58ba-49df-a77e-64a7cc29c2d9",
      "title": "",
      "fullFile": "cypress/integration/Alz.net/Specs/blogTest.spec.js",
      "file": "cypress/integration/Alz.net/Specs/blogTest.spec.js",
      "beforeHooks": [],
      "afterHooks": [],
      "tests": [],
      "suites": [
        {
          "uuid": "32721f43-23a6-444f-958e-3a70423c9601",
          "title": "navigating to alz blog",
          "fullFile": "",
          "file": "",
          "beforeHooks": [],
          "afterHooks": [],
          "tests": [
            {
              "title": "go to alz blog page",
              "fullTitle": "navigating to alz blog go to alz blog page",
              "timedOut": null,
              "duration": 26005,
              "state": "passed",
              "speed": "slow",
              "pass": true,
              "fail": false,
              "pending": false,
              "context": null,
              "code": "cy.visit('https://www.alzheimers.net/blog'); //cy.visit('https://www.alzheimers.net/?optimizely_disable=true')",
              "err": {},
              "uuid": "69e4ea90-db16-493e-b65f-2492ff87a6c0",
              "parentUUID": "32721f43-23a6-444f-958e-3a70423c9601",
              "isHook": false,
              "skipped": false
            }
          ],
          "suites": [],
          "passes": [
            "69e4ea90-db16-493e-b65f-2492ff87a6c0"
          ],
          "failures": [],
          "pending": [],
          "skipped": [],
          "duration": 26005,
          "root": false,
          "rootEmpty": false,
          "_timeout": 2000
        }
      ],
      "passes": [],
      "failures": [],
      "pending": [],
      "skipped": [],
      "duration": 0,
      "root": true,
      "rootEmpty": true,
      "_timeout": 2000
    }
  ],
  "meta": {
    "mocha": {
      "version": "7.0.1"
    },
    "mochawesome": {
      "options": {
        "quiet": false,
        "reportFilename": "mochawesome",
        "saveHtml": false,
        "saveJson": true,
        "consoleReporter": "spec",
        "useInlineDiffs": false,
        "code": true
      },
      "version": "6.3.1"
    },
    "marge": {
      "options": {
        "overwrite": false,
        "html": false,
        "json": true,
        "reportDir": "cypress\\reports\\html\\.jsons"
      },
      "version": "5.2.0"
    }
  }
}