{
  "stats": {
    "suites": 1,
    "tests": 1,
    "passes": 1,
    "pending": 0,
    "failures": 0,
    "start": "2021-12-17T23:49:21.572Z",
    "end": "2021-12-17T23:49:50.006Z",
    "duration": 28434,
    "testsRegistered": 1,
    "passPercent": 100,
    "pendingPercent": 0,
    "other": 0,
    "hasOther": false,
    "skipped": 0,
    "hasSkipped": false
  },
  "results": [
    {
      "uuid": "afbf56d5-1bd8-48b3-af1e-fbdb49fec831",
      "title": "",
      "fullFile": "cypress/integration/Alz.net/Specs/blogTest.spec.js",
      "file": "cypress/integration/Alz.net/Specs/blogTest.spec.js",
      "beforeHooks": [],
      "afterHooks": [],
      "tests": [],
      "suites": [
        {
          "uuid": "1ea62145-b584-4024-b833-1e404f2f2ed8",
          "title": "navigating to alz blog",
          "fullFile": "",
          "file": "",
          "beforeHooks": [],
          "afterHooks": [],
          "tests": [
            {
              "title": "go to alz blog page",
              "fullTitle": "navigating to alz blog go to alz blog page",
              "timedOut": null,
              "duration": 25760,
              "state": "passed",
              "speed": "slow",
              "pass": true,
              "fail": false,
              "pending": false,
              "context": null,
              "code": "cy.visit('https://www.alzheimers.net/blog'); //cy.visit('https://www.alzheimers.net/?optimizely_disable=true')",
              "err": {},
              "uuid": "2e9e0aea-534f-4cd7-b126-6973ccbfa64b",
              "parentUUID": "1ea62145-b584-4024-b833-1e404f2f2ed8",
              "isHook": false,
              "skipped": false
            }
          ],
          "suites": [],
          "passes": [
            "2e9e0aea-534f-4cd7-b126-6973ccbfa64b"
          ],
          "failures": [],
          "pending": [],
          "skipped": [],
          "duration": 25760,
          "root": false,
          "rootEmpty": false,
          "_timeout": 2000
        }
      ],
      "passes": [],
      "failures": [],
      "pending": [],
      "skipped": [],
      "duration": 0,
      "root": true,
      "rootEmpty": true,
      "_timeout": 2000
    }
  ],
  "meta": {
    "mocha": {
      "version": "7.0.1"
    },
    "mochawesome": {
      "options": {
        "quiet": false,
        "reportFilename": "mochawesome",
        "saveHtml": false,
        "saveJson": true,
        "consoleReporter": "spec",
        "useInlineDiffs": false,
        "code": true
      },
      "version": "6.3.1"
    },
    "marge": {
      "options": {
        "overwrite": false,
        "html": false,
        "json": true,
        "reportDir": "cypress\\reports\\html\\.jsons"
      },
      "version": "5.2.0"
    }
  }
}