{
  "stats": {
    "suites": 1,
    "tests": 1,
    "passes": 1,
    "pending": 0,
    "failures": 0,
    "start": "2021-12-17T23:08:27.040Z",
    "end": "2021-12-17T23:08:36.084Z",
    "duration": 9044,
    "testsRegistered": 1,
    "passPercent": 100,
    "pendingPercent": 0,
    "other": 0,
    "hasOther": false,
    "skipped": 0,
    "hasSkipped": false
  },
  "results": [
    {
      "uuid": "06083802-b7c3-43a5-b74d-aba1b300027a",
      "title": "",
      "fullFile": "cypress/integration/Alz.net/Specs/blogTest.spec.js",
      "file": "cypress/integration/Alz.net/Specs/blogTest.spec.js",
      "beforeHooks": [],
      "afterHooks": [],
      "tests": [],
      "suites": [
        {
          "uuid": "845e8f70-344f-449d-a5f3-ad360c656b83",
          "title": "navigating to alz blog",
          "fullFile": "",
          "file": "",
          "beforeHooks": [],
          "afterHooks": [],
          "tests": [
            {
              "title": "go to alz blog page",
              "fullTitle": "navigating to alz blog go to alz blog page",
              "timedOut": null,
              "duration": 6464,
              "state": "passed",
              "speed": "medium",
              "pass": true,
              "fail": false,
              "pending": false,
              "context": null,
              "code": "cy.visit('https://www.alzheimers.net/blog'); //cy.visit('https://www.alzheimers.net/?optimizely_disable=true')",
              "err": {},
              "uuid": "c4a14594-426e-442a-b2bf-11b516481ac5",
              "parentUUID": "845e8f70-344f-449d-a5f3-ad360c656b83",
              "isHook": false,
              "skipped": false
            }
          ],
          "suites": [],
          "passes": [
            "c4a14594-426e-442a-b2bf-11b516481ac5"
          ],
          "failures": [],
          "pending": [],
          "skipped": [],
          "duration": 6464,
          "root": false,
          "rootEmpty": false,
          "_timeout": 2000
        }
      ],
      "passes": [],
      "failures": [],
      "pending": [],
      "skipped": [],
      "duration": 0,
      "root": true,
      "rootEmpty": true,
      "_timeout": 2000
    }
  ],
  "meta": {
    "mocha": {
      "version": "7.0.1"
    },
    "mochawesome": {
      "options": {
        "quiet": false,
        "reportFilename": "mochawesome",
        "saveHtml": false,
        "saveJson": true,
        "consoleReporter": "spec",
        "useInlineDiffs": false,
        "code": true
      },
      "version": "6.3.1"
    },
    "marge": {
      "options": {
        "overwrite": false,
        "html": false,
        "json": true,
        "reportDir": "cypress\\reports\\html\\.jsons"
      },
      "version": "5.2.0"
    }
  }
}