{
  "stats": {
    "suites": 1,
    "tests": 1,
    "passes": 1,
    "pending": 0,
    "failures": 0,
    "start": "2021-12-17T23:11:41.947Z",
    "end": "2021-12-17T23:11:53.209Z",
    "duration": 11262,
    "testsRegistered": 1,
    "passPercent": 100,
    "pendingPercent": 0,
    "other": 0,
    "hasOther": false,
    "skipped": 0,
    "hasSkipped": false
  },
  "results": [
    {
      "uuid": "a6f25a86-007c-465b-8166-4c427e285746",
      "title": "",
      "fullFile": "cypress/integration/Alz.net/Specs/homeTest.Spec.js",
      "file": "cypress/integration/Alz.net/Specs/homeTest.Spec.js",
      "beforeHooks": [],
      "afterHooks": [],
      "tests": [],
      "suites": [
        {
          "uuid": "3b903cb0-0107-4482-a7d8-c75901d94c08",
          "title": "navigating to alz home",
          "fullFile": "",
          "file": "",
          "beforeHooks": [],
          "afterHooks": [],
          "tests": [
            {
              "title": "go to home page",
              "fullTitle": "navigating to alz home go to home page",
              "timedOut": null,
              "duration": 6789,
              "state": "passed",
              "speed": "medium",
              "pass": true,
              "fail": false,
              "pending": false,
              "context": null,
              "code": "//cy.visit('https://www.alzheimers.net/')\n//cy.visit('https://www.alzheimers.net/?optimizely_disable=true')\ncy.visit(Cypress.env('prod'));",
              "err": {},
              "uuid": "e76375ad-1573-4317-88ce-036f81c5305c",
              "parentUUID": "3b903cb0-0107-4482-a7d8-c75901d94c08",
              "isHook": false,
              "skipped": false
            }
          ],
          "suites": [],
          "passes": [
            "e76375ad-1573-4317-88ce-036f81c5305c"
          ],
          "failures": [],
          "pending": [],
          "skipped": [],
          "duration": 6789,
          "root": false,
          "rootEmpty": false,
          "_timeout": 2000
        }
      ],
      "passes": [],
      "failures": [],
      "pending": [],
      "skipped": [],
      "duration": 0,
      "root": true,
      "rootEmpty": true,
      "_timeout": 2000
    }
  ],
  "meta": {
    "mocha": {
      "version": "7.0.1"
    },
    "mochawesome": {
      "options": {
        "quiet": false,
        "reportFilename": "mochawesome",
        "saveHtml": false,
        "saveJson": true,
        "consoleReporter": "spec",
        "useInlineDiffs": false,
        "code": true
      },
      "version": "6.3.1"
    },
    "marge": {
      "options": {
        "overwrite": false,
        "html": false,
        "json": true,
        "reportDir": "cypress\\reports\\html\\.jsons"
      },
      "version": "5.2.0"
    }
  }
}