{
  "stats": {
    "suites": 1,
    "tests": 1,
    "passes": 1,
    "pending": 0,
    "failures": 0,
    "start": "2021-12-17T20:58:34.992Z",
    "end": "2021-12-17T20:58:43.217Z",
    "duration": 8225,
    "testsRegistered": 1,
    "passPercent": 100,
    "pendingPercent": 0,
    "other": 0,
    "hasOther": false,
    "skipped": 0,
    "hasSkipped": false
  },
  "results": [
    {
      "uuid": "7890b4ed-89c1-481b-ae57-98feac37668b",
      "title": "",
      "fullFile": "cypress/integration/Alz.net/Specs/homeTest.Spec.js",
      "file": "cypress/integration/Alz.net/Specs/homeTest.Spec.js",
      "beforeHooks": [],
      "afterHooks": [],
      "tests": [],
      "suites": [
        {
          "uuid": "20d778a4-c86a-424e-9dcf-e9621f56d340",
          "title": "navigating to alz home",
          "fullFile": "",
          "file": "",
          "beforeHooks": [],
          "afterHooks": [],
          "tests": [
            {
              "title": "go to home page",
              "fullTitle": "navigating to alz home go to home page",
              "timedOut": null,
              "duration": 4830,
              "state": "passed",
              "speed": "fast",
              "pass": true,
              "fail": false,
              "pending": false,
              "context": null,
              "code": "//cy.visit('https://www.alzheimers.net/')\n//cy.visit('https://www.alzheimers.net/?optimizely_disable=true')\ncy.visit(Cypress.env('prod'));",
              "err": {},
              "uuid": "aede59fb-745b-4311-ba67-d602c4720c89",
              "parentUUID": "20d778a4-c86a-424e-9dcf-e9621f56d340",
              "isHook": false,
              "skipped": false
            }
          ],
          "suites": [],
          "passes": [
            "aede59fb-745b-4311-ba67-d602c4720c89"
          ],
          "failures": [],
          "pending": [],
          "skipped": [],
          "duration": 4830,
          "root": false,
          "rootEmpty": false,
          "_timeout": 2000
        }
      ],
      "passes": [],
      "failures": [],
      "pending": [],
      "skipped": [],
      "duration": 0,
      "root": true,
      "rootEmpty": true,
      "_timeout": 2000
    }
  ],
  "meta": {
    "mocha": {
      "version": "7.0.1"
    },
    "mochawesome": {
      "options": {
        "quiet": false,
        "reportFilename": "mochawesome",
        "saveHtml": true,
        "saveJson": true,
        "consoleReporter": "spec",
        "useInlineDiffs": false,
        "code": true
      },
      "version": "6.3.1"
    },
    "marge": {
      "options": null,
      "version": "5.2.0"
    }
  }
}